[26.11.2021, 17:26] giveExtendedAccess | Даниил Кириллов (AdminID 370543365) | UserID 370543365
[26.11.2021, 17:26] takeExtendedAccess | Даниил Кириллов (AdminID 370543365) | UserID 370543365
[26.11.2021, 17:26] deleteAllGoods | Даниил Кириллов (AdminID 370543365) | UserID 370543365
[26.11.2021, 17:26] giveExtendedAccess | Даниил Кириллов (AdminID 370543365) | UserID 370543365
[26.11.2021, 17:38] takeExtendedAccess | Даниил Кириллов (AdminID 370543365) | UserID 370543365
[27.11.2021, 13:59] giveExtendedAccess | Андрей Владимирский (AdminID 163049276) | UserID 163049276
[09.02.2022, 00:42] giveExtendedAccess | Даниил Кириллов (AdminID 370543365) | UserID 370543365
[09.02.2022, 01:19] deleteAllGoods | Даниил Кириллов (AdminID 370543365) | UserID 370543365
[09.02.2022, 01:19] takeExtendedAccess | Даниил Кириллов (AdminID 370543365) | UserID 370543365
[09.02.2022, 01:19] giveExtendedAccess | Даниил Кириллов (AdminID 370543365) | UserID 370543365
[09.02.2022, 01:20] takeExtendedAccess | Даниил Кириллов (AdminID 370543365) | UserID 370543365
[09.02.2022, 01:24] giveExtendedAccess | Даниил Кириллов (AdminID 370543365) | UserID 370543365
[09.02.2022, 01:25] takeExtendedAccess | Даниил Кириллов (AdminID 370543365) | UserID 370543365
[09.02.2022, 01:25] deleteAllGoods | Даниил Кириллов (AdminID 370543365) | UserID 370543365
[09.02.2022, 01:27] deleteAllGoods | Даниил Кириллов (AdminID 370543365) | UserID 370543365
[09.02.2022, 01:27] giveExtendedAccess | Даниил Кириллов (AdminID 370543365) | UserID 370543365
[09.02.2022, 01:27] deleteAllGoods | Даниил Кириллов (AdminID 370543365) | UserID 370543365
[09.02.2022, 01:28] takeExtendedAccess | Даниил Кириллов (AdminID 370543365) | UserID 370543365
[09.02.2022, 01:42] giveExtendedAccess | Даниил Кириллов (AdminID 370543365) | UserID 370543365
[09.02.2022, 01:43] takeExtendedAccess | Даниил Кириллов (AdminID 370543365) | UserID 370543365
[09.02.2022, 01:43] giveExtendedAccess | Даниил Кириллов (AdminID 370543365) | UserID 370543365
[09.02.2022, 01:45] takeExtendedAccess | Даниил Кириллов (AdminID 370543365) | UserID 370543365
[09.02.2022, 04:50] giveExtendedAccess | Даниил Кириллов (AdminID 370543365) | UserID 370543365
[09.02.2022, 04:50] giveExtendedAccess | Даниил Кириллов (AdminID 370543365) | UserID 370543365
[09.02.2022, 04:52] takeExtendedAccess | Даниил Кириллов (AdminID 370543365) | UserID 370543365
[09.02.2022, 05:02] giveExtendedAccess | Даниил Кириллов (AdminID 370543365) | UserID 370543365
[09.02.2022, 05:02] takeExtendedAccess | Даниил Кириллов (AdminID 370543365) | UserID 370543365
[09.02.2022, 05:18] giveExtendedAccess | Даниил Кириллов (AdminID 370543365) | UserID 370543365
[09.02.2022, 05:22] takeExtendedAccess | Даниил Кириллов (AdminID 370543365) | UserID 370543365
[09.02.2022, 05:23] giveExtendedAccess | Даниил Кириллов (AdminID 370543365) | UserID 370543365
[09.02.2022, 05:23] takeExtendedAccess | Даниил Кириллов (AdminID 370543365) | UserID 370543365
[09.02.2022, 05:30] giveExtendedAccess | Даниил Кириллов (AdminID 370543365) | UserID 370543365
[09.02.2022, 17:00] takeExtendedAccess | Даниил Кириллов (AdminID 370543365) | UserID 370543365
[10.02.2022, 02:38] giveExtendedAccess | Даниил Кириллов (AdminID 370543365) | UserID 370543365
[10.02.2022, 15:42] deleteAllGoods | Даниил Кириллов (AdminID 370543365) | UserID 370543365
[10.02.2022, 16:50] giveExtendedAccess | Даниил Кириллов (AdminID 370543365) | UserID 384917874
[10.02.2022, 16:50] takeExtendedAccess | Даниил Кириллов (AdminID 370543365) | UserID 384917874
[10.02.2022, 16:50] giveExtendedAccess | Даниил Кириллов (AdminID 370543365) | UserID 384917874
[10.02.2022, 16:50] takeExtendedAccess | Даниил Кириллов (AdminID 370543365) | UserID 384917874
[08.03.2022, 13:26] deleteAllGoods | Даниил Кириллов (AdminID 370543365) | UserID 370543365
[08.03.2022, 14:26] deleteAllGoods | Даниил Кириллов (AdminID 370543365) | UserID 370543365
[10.03.2022, 13:30] deleteAllGoods | Даниил Кириллов (AdminID 370543365) | UserID 370543365
[10.03.2022, 14:56] deleteAllGoods | Даниил Кириллов (AdminID 370543365) | UserID 370543365
[10.03.2022, 14:59] takeExtendedAccess | Даниил Кириллов (AdminID 370543365) | UserID 370543365
[10.03.2022, 15:00] giveExtendedAccess | Даниил Кириллов (AdminID 370543365) | UserID 370543365
[10.03.2022, 15:01] takeExtendedAccess | Даниил Кириллов (AdminID 370543365) | UserID 370543365
[10.03.2022, 15:03] giveExtendedAccess | Даниил Кириллов (AdminID 370543365) | UserID 370543365
[10.03.2022, 15:04] deleteAllGoods | Даниил Кириллов (AdminID 370543365) | UserID 370543365
[10.03.2022, 15:04] takeExtendedAccess | Даниил Кириллов (AdminID 370543365) | UserID 370543365
[10.03.2022, 15:05] giveExtendedAccess | Даниил Кириллов (AdminID 370543365) | UserID 370543365
[10.03.2022, 15:06] takeExtendedAccess | Даниил Кириллов (AdminID 370543365) | UserID 370543365
[10.03.2022, 15:07] giveExtendedAccess | Даниил Кириллов (AdminID 370543365) | UserID 370543365
[10.03.2022, 15:26] deleteAllGoods | Даниил Кириллов (AdminID 370543365) | UserID 370543365
[10.03.2022, 15:28] deleteAllGoods | Даниил Кириллов (AdminID 370543365) | UserID 370543365
[10.03.2022, 15:29] deleteAllGoods | Даниил Кириллов (AdminID 370543365) | UserID 370543365
[10.03.2022, 18:42] takeExtendedAccess | Даниил Кириллов (AdminID 370543365) | UserID 370543365
[13.03.2022, 13:55] giveExtendedAccess | Даниил Кириллов (AdminID 370543365) | UserID 370543365
[13.03.2022, 13:55] takeExtendedAccess | Даниил Кириллов (AdminID 370543365) | UserID 370543365
[13.03.2022, 13:55] deleteAllGoods | Даниил Кириллов (AdminID 370543365) | UserID 370543365
[13.03.2022, 13:55] giveExtendedAccess | Даниил Кириллов (AdminID 370543365) | UserID 370543365
[13.03.2022, 13:56] takeExtendedAccess | Даниил Кириллов (AdminID 370543365) | UserID 370543365
[13.03.2022, 13:59] deleteAllGoods | Даниил Кириллов (AdminID 370543365) | UserID 370543365
[13.03.2022, 14:01] giveExtendedAccess | Даниил Кириллов (AdminID 370543365) | UserID 370543365
[13.03.2022, 14:03] giveExtendedAccess | Даниил Кириллов (AdminID 370543365) | UserID 384917874
[13.03.2022, 14:03] takeExtendedAccess | Даниил Кириллов (AdminID 370543365) | UserID 384917874
[13.03.2022, 14:03] takeExtendedAccess | Даниил Кириллов (AdminID 370543365) | UserID 370543365
[13.03.2022, 14:03] giveExtendedAccess | Даниил Кириллов (AdminID 370543365) | UserID 370543365
[13.03.2022, 14:03] giveExtendedAccess | Даниил Кириллов (AdminID 370543365) | UserID 384917874
[13.03.2022, 14:03] takeExtendedAccess | Даниил Кириллов (AdminID 370543365) | UserID 384917874
[13.03.2022, 14:06] giveExtendedAccess | Даниил Кириллов (AdminID 370543365) | UserID 384917874
[13.03.2022, 14:08] takeExtendedAccess | Даниил Кириллов (AdminID 370543365) | UserID 370543365
[13.03.2022, 14:08] giveExtendedAccess | Даниил Кириллов (AdminID 370543365) | UserID 370543365
[13.03.2022, 14:08] takeExtendedAccess | Даниил Кириллов (AdminID 370543365) | UserID 370543365
[13.03.2022, 14:08] giveExtendedAccess | Даниил Кириллов (AdminID 370543365) | UserID 370543365
[13.03.2022, 14:09] takeExtendedAccess | Даниил Кириллов (AdminID 370543365) | UserID 384917874
[13.03.2022, 14:09] giveExtendedAccess | Даниил Кириллов (AdminID 370543365) | UserID 384917874
[13.03.2022, 14:09] takeExtendedAccess | Даниил Кириллов (AdminID 370543365) | UserID 384917874
[27.03.2022, 14:51] deleteAllGoods | Даниил Кириллов (AdminID 370543365) | UserID 370543365
[29.03.2022, 18:59] takeExtendedAccess | Даниил Кириллов (AdminID 370543365) | UserID 370543365
[29.03.2022, 18:59] giveExtendedAccess | Даниил Кириллов (AdminID 370543365) | UserID 370543365
[29.03.2022, 19:00] giveExtendedAccess | Даниил Кириллов (AdminID 370543365) | UserID 370543365
[29.03.2022, 19:00] giveExtendedAccess | Даниил Кириллов (AdminID 370543365) | UserID 370543365
[29.03.2022, 19:03] giveExtendedAccess | Даниил Кириллов (AdminID 370543365) | UserID 370543365
[29.03.2022, 19:03] giveExtendedAccess | Даниил Кириллов (AdminID 370543365) | UserID 370543365
[29.03.2022, 19:04] giveExtendedAccess | Даниил Кириллов (AdminID 370543365) | UserID 370543365
[29.03.2022, 19:04] giveExtendedAccess | Даниил Кириллов (AdminID 370543365) | UserID 370543365
[29.03.2022, 19:09] takeExtendedAccess | Даниил Кириллов (AdminID 370543365) | UserID 370543365
[29.03.2022, 19:10] takeExtendedAccess | Даниил Кириллов (AdminID 370543365) | UserID 370543365
[29.03.2022, 19:10] takeExtendedAccess | Даниил Кириллов (AdminID 370543365) | UserID 370543365
[29.03.2022, 19:11] giveExtendedAccess | Даниил Кириллов (AdminID 370543365) | UserID 370543365
[29.03.2022, 19:11] takeExtendedAccess | Даниил Кириллов (AdminID 370543365) | UserID 370543365
[29.03.2022, 19:20] giveExtendedAccess | Даниил Кириллов (AdminID 370543365) | UserID 370543365
[29.03.2022, 19:26] takeExtendedAccess | Даниил Кириллов (AdminID 370543365) | UserID 370543365
[29.03.2022, 19:26] giveExtendedAccess | Даниил Кириллов (AdminID 370543365) | UserID 370543365
[29.03.2022, 19:39] giveExtendedAccess | Даниил Кириллов (AdminID 370543365) | UserID 370543365
[29.03.2022, 19:44] giveExtendedAccess | Даниил Кириллов (AdminID 370543365) | UserID 370543365
[29.03.2022, 19:44] takeExtendedAccess | Даниил Кириллов (AdminID 370543365) | UserID 370543365
[29.03.2022, 19:45] giveExtendedAccess | Даниил Кириллов (AdminID 370543365) | UserID 370543365
[29.03.2022, 19:46] takeExtendedAccess | Даниил Кириллов (AdminID 370543365) | UserID 370543365
[29.03.2022, 19:47] giveExtendedAccess | Даниил Кириллов (AdminID 370543365) | UserID 370543365
[29.03.2022, 19:54] giveExtendedAccess | Даниил Кириллов (AdminID 370543365) | UserID 163049276
[29.03.2022, 20:15] giveExtendedAccess | Даниил Кириллов (AdminID 370543365) | UserID 370543365
[29.03.2022, 20:25] takeExtendedAccess | Даниил Кириллов (AdminID 370543365) | UserID 370543365
[29.03.2022, 20:25] giveExtendedAccess | Даниил Кириллов (AdminID 370543365) | UserID 370543365
[29.03.2022, 20:31] giveExtendedAccess | Даниил Кириллов (AdminID 370543365) | UserID 370543365
[29.03.2022, 20:31] giveExtendedAccess | Даниил Кириллов (AdminID 370543365) | UserID 370543365
[29.03.2022, 20:33] giveExtendedAccess | Даниил Кириллов (AdminID 370543365) | UserID 370543365
[29.03.2022, 20:33] takeExtendedAccess | Даниил Кириллов (AdminID 370543365) | UserID 370543365
[29.03.2022, 20:33] giveExtendedAccess | Даниил Кириллов (AdminID 370543365) | UserID 370543365
[29.03.2022, 20:34] takeExtendedAccess | Даниил Кириллов (AdminID 370543365) | UserID 370543365
[29.03.2022, 20:34] giveExtendedAccess | Даниил Кириллов (AdminID 370543365) | UserID 370543365
[29.03.2022, 20:34] takeExtendedAccess | Даниил Кириллов (AdminID 370543365) | UserID 370543365
[29.03.2022, 20:35] giveExtendedAccess | Даниил Кириллов (AdminID 370543365) | UserID 370543365
[29.03.2022, 20:36] takeExtendedAccess | Даниил Кириллов (AdminID 370543365) | UserID 370543365
[29.03.2022, 20:36] giveExtendedAccess | Даниил Кириллов (AdminID 370543365) | UserID 370543365
[29.03.2022, 20:36] takeExtendedAccess | Даниил Кириллов (AdminID 370543365) | UserID 370543365
[29.03.2022, 20:36] giveExtendedAccess | Даниил Кириллов (AdminID 370543365) | UserID 370543365
[29.03.2022, 20:37] undefined | No Name (AdminID undefined) | UserID undefined
[30.03.2022, 14:06] takeExtendedAccess | Даниил Кириллов (AdminID 370543365) | UserID 370543365
[30.03.2022, 14:06] giveExtendedAccess | Даниил Кириллов (AdminID 370543365) | UserID 370543365
[30.03.2022, 14:14] takeExtendedAccess | Даниил Кириллов (AdminID 370543365) | UserID 370543365
[30.03.2022, 14:17] giveExtendedAccess | Даниил Кириллов (AdminID 370543365) | UserID 370543365
[30.03.2022, 14:21] takeExtendedAccess | Даниил Кириллов (AdminID 370543365) | UserID 370543365
[30.03.2022, 14:22] giveExtendedAccess | Даниил Кириллов (AdminID 370543365) | UserID 370543365
[30.03.2022, 14:22] takeExtendedAccess | Даниил Кириллов (AdminID 370543365) | UserID 370543365
[30.03.2022, 14:22] giveExtendedAccess | Даниил Кириллов (AdminID 370543365) | UserID 370543365
[30.03.2022, 14:25] undefined | No Name (AdminID undefined) | UserID undefined
[30.03.2022, 14:31] deleteAllGoods | Даниил Кириллов (AdminID 370543365) | UserID 370543365
[30.03.2022, 14:33] deleteAllGoods | Даниил Кириллов (AdminID 370543365) | UserID 370543365
[30.03.2022, 14:34] deleteAllGoods | Даниил Кириллов (AdminID 370543365) | UserID 370543365
[30.03.2022, 14:49] extendExtendedAccess | Даниил Кириллов (AdminID 370543365) | UserID 370543365
[30.03.2022, 14:51] extendExtendedAccess | Даниил Кириллов (AdminID 370543365) | UserID 370543365
[30.03.2022, 14:52] giveExtendedAccess | Даниил Кириллов (AdminID 370543365) | UserID 163049276
[30.03.2022, 15:09] banUser | No Name (AdminID undefined) | UserID 163049276
[30.03.2022, 15:09] unbanUser | No Name (AdminID undefined) | UserID 163049276
[30.03.2022, 15:10] banUser | Даниил Кириллов (AdminID 370543365) | UserID 163049276
[30.03.2022, 15:10] unbanUser | Даниил Кириллов (AdminID 370543365) | UserID 163049276
[30.03.2022, 19:25] extendExtendedAccess | Даниил Кириллов (AdminID 370543365) | UserID 163049276
[30.03.2022, 19:29] takeExtendedAccess | Даниил Кириллов (AdminID 370543365) | UserID 370543365
[30.03.2022, 19:30] giveExtendedAccess | Даниил Кириллов (AdminID 370543365) | UserID 370543365
[30.03.2022, 20:22] giveExtendedAccess | Даниил Кириллов (AdminID 370543365) | UserID 370543365
[30.03.2022, 20:30] takeExtendedAccess | Даниил Кириллов (AdminID 370543365) | UserID 370543365
[30.03.2022, 22:40] giveExtendedAccess | Даниил Кириллов (AdminID 370543365) | UserID 370543365
[02.04.2022, 15:05] giveExtendedAccess | Даниил Кириллов (AdminID 370543365) | UserID 370543365
[02.04.2022, 15:09] deleteAllGoods | Даниил Кириллов (AdminID 370543365) | UserID 370543365
[02.04.2022, 15:10] deleteAllGoods | Даниил Кириллов (AdminID 370543365) | UserID 370543365
[02.04.2022, 15:15] takeExtendedAccess | Даниил Кириллов (AdminID 370543365) | UserID 370543365
[02.04.2022, 15:15] giveExtendedAccess | Даниил Кириллов (AdminID 370543365) | UserID 370543365
[02.04.2022, 15:15] takeExtendedAccess | Даниил Кириллов (AdminID 370543365) | UserID 370543365
[02.04.2022, 15:16] giveExtendedAccess | Даниил Кириллов (AdminID 370543365) | UserID 370543365
[02.04.2022, 15:16] takeExtendedAccess | Даниил Кириллов (AdminID 370543365) | UserID 370543365
[02.04.2022, 15:25] giveExtendedAccess | Даниил Кириллов (AdminID 370543365) | UserID 370543365
[02.04.2022, 15:25] takeExtendedAccess | Даниил Кириллов (AdminID 370543365) | UserID 370543365
[02.04.2022, 15:27] giveExtendedAccess | Даниил Кириллов (AdminID 370543365) | UserID 370543365
[02.04.2022, 15:32] takeExtendedAccess | Даниил Кириллов (AdminID 370543365) | UserID 370543365
[02.04.2022, 15:34] giveExtendedAccess | Даниил Кириллов (AdminID 370543365) | UserID 370543365
[02.04.2022, 16:05] takeExtendedAccess | Даниил Кириллов (AdminID 370543365) | UserID 370543365
[02.04.2022, 16:14] giveExtendedAccess | Даниил Кириллов (AdminID 370543365) | UserID 370543365
[02.04.2022, 16:16] extendExtendedAccess | Даниил Кириллов (AdminID 370543365) | UserID 370543365
[02.04.2022, 16:16] takeExtendedAccess | Даниил Кириллов (AdminID 370543365) | UserID 370543365
[02.04.2022, 16:28] deleteAllGoods | Даниил Кириллов (AdminID 370543365) | UserID 370543365
[02.04.2022, 16:28] giveExtendedAccess | Даниил Кириллов (AdminID 370543365) | UserID 370543365
[02.04.2022, 16:29] takeExtendedAccess | Даниил Кириллов (AdminID 370543365) | UserID 370543365
[04.04.2022, 13:25] giveExtendedAccess | Даниил Кириллов (AdminID 370543365) | UserID 370543365
[04.04.2022, 13:48] takeExtendedAccess | Даниил Кириллов (AdminID 370543365) | UserID 370543365
[04.04.2022, 13:50] giveExtendedAccess | Даниил Кириллов (AdminID 370543365) | UserID 370543365
[04.04.2022, 14:59] takeExtendedAccess | Даниил Кириллов (AdminID 370543365) | UserID 370543365
[04.04.2022, 16:58] giveExtendedAccess | Даниил Кириллов (AdminID 370543365) | UserID 370543365
[04.04.2022, 17:03] takeExtendedAccess | Даниил Кириллов (AdminID 370543365) | UserID 370543365
[04.04.2022, 17:27] giveExtendedAccess | Даниил Кириллов (AdminID 370543365) | UserID 370543365
[04.04.2022, 17:28] takeExtendedAccess | Даниил Кириллов (AdminID 370543365) | UserID 370543365
[04.04.2022, 17:31] giveExtendedAccess | Даниил Кириллов (AdminID 370543365) | UserID 370543365
[04.04.2022, 17:31] takeExtendedAccess | Даниил Кириллов (AdminID 370543365) | UserID 370543365
[06.04.2022, 19:58] takeExtendedAccess | Даниил Кириллов (AdminID 370543365) | UserID 370543365
[06.04.2022, 19:58] giveExtendedAccess | Даниил Кириллов (AdminID 370543365) | UserID 370543365
[06.04.2022, 20:12] takeExtendedAccess | Даниил Кириллов (AdminID 370543365) | UserID 370543365
[06.04.2022, 20:13] giveExtendedAccess | Даниил Кириллов (AdminID 370543365) | UserID 370543365
[06.04.2022, 20:15] takeExtendedAccess | Даниил Кириллов (AdminID 370543365) | UserID 370543365
[06.04.2022, 20:16] giveExtendedAccess | Даниил Кириллов (AdminID 370543365) | UserID 370543365
[06.04.2022, 20:19] extendExtendedAccess | Даниил Кириллов (AdminID 370543365) | UserID 370543365
[06.04.2022, 20:19] takeExtendedAccess | Даниил Кириллов (AdminID 370543365) | UserID 370543365
[06.04.2022, 20:20] giveExtendedAccess | Даниил Кириллов (AdminID 370543365) | UserID 370543365
[08.04.2022, 12:39] giveExtendedAccess | Даниил Кириллов (AdminID 370543365) | UserID 163049276
[08.04.2022, 12:51] giveExtendedAccess | Даниил Кириллов (AdminID 370543365) | UserID 163049276
[08.04.2022, 12:55] giveExtendedAccess | Даниил Кириллов (AdminID 370543365) | UserID 370543365
[08.04.2022, 12:57] giveExtendedAccess | Даниил Кириллов (AdminID 370543365) | UserID 163049276
[08.04.2022, 12:57] extendExtendedAccess | Даниил Кириллов (AdminID 370543365) | UserID 163049276
[08.04.2022, 12:58] giveExtendedAccess | Даниил Кириллов (AdminID 370543365) | UserID 370543365
[08.04.2022, 13:22] giveExtendedAccess | Даниил Кириллов (AdminID 370543365) | UserID 370543365
[08.04.2022, 13:59] takeExtendedAccess | Даниил Кириллов (AdminID 370543365) | UserID 370543365
